<?xml version="1.0" encoding="UTF-8"?>
<!-- Generated by org.testng.reporters.JUnitXMLReporter -->
<testsuite hostname="Timothy" ignored="0" name="Regression Tests" tests="7" failures="1" timestamp="10 Jul 2018 00:12:57 GMT" time="0.043" errors="0">
  <testcase name="generticTest" time="0.002" classname="testframeworks.TestNGParameterization"/>
  <testcase name="generticTest" time="0.002" classname="testframeworks.TestNGParameterization"/>
  <testcase name="usernameTest" time="0.003" classname="testframeworks.TestNGParameterization"/>
  <testcase name="usernameTest" time="0.005" classname="testframeworks.TestNGParameterization"/>
  <testcase name="usernameTest" time="0.001" classname="testframeworks.TestNGParameterization"/>
  <testcase name="freddieFeatureTest" time="0.002" classname="testframeworks.TestNGIntro">
    <failure type="java.lang.AssertionError" message="expected [25tu] but found [1etm]">
      <![CDATA[java.lang.AssertionError: expected [25tu] but found [1etm]
	at testframeworks.TestNGIntro.freddieFeatureTest(TestNGIntro.java:19)
... Removed 31 stack frames]]>
    </failure>
  </testcase> <!-- freddieFeatureTest -->
  <testcase name="freddieLoginTest" time="0.001" classname="testframeworks.TestNGIntro"/>
</testsuite> <!-- Regression Tests -->
