<!DOCTYPE html PUBLIC "-//W3C//DTD XHTML 1.1//EN" "http://www.w3.org/TR/xhtml11/DTD/xhtml11.dtd">
<html xmlns="http://www.w3.org/1999/xhtml">
<head>
<meta http-equiv="content-type" content="text/html; charset=UTF-8"/>
<title>TestNG Report</title>
<style type="text/css">table {margin-bottom:10px;border-collapse:collapse;empty-cells:show}th,td {border:1px solid #009;padding:.25em .5em}th {vertical-align:bottom}td {vertical-align:top}table a {font-weight:bold}.stripe td {background-color: #E6EBF9}.num {text-align:right}.passedodd td {background-color: #3F3}.passedeven td {background-color: #0A0}.skippedodd td {background-color: #DDD}.skippedeven td {background-color: #CCC}.failedodd td,.attn {background-color: #F33}.failedeven td,.stripe .attn {background-color: #D00}.stacktrace {white-space:pre;font-family:monospace}.totop {font-size:85%;text-align:center;border-bottom:2px solid #000}.invisible {display:none}</style>
</head>
<body>
<table>
<tr><th>Test</th><th># Passed</th><th># Skipped</th><th># Failed</th><th>Time (ms)</th><th>Included Groups</th><th>Excluded Groups</th></tr>
<tr><th colspan="7">Freddie Test Suite</th></tr>
<tr><td><a href="#t0">Smoke Tests</a></td><td class="num">1</td><td class="num">0</td><td class="num attn">1</td><td class="num">56</td><td></td><td></td></tr>
<tr class="stripe"><td><a href="#t1">Regression Tests</a></td><td class="num">6</td><td class="num">0</td><td class="num attn">1</td><td class="num">43</td><td></td><td></td></tr>
<tr><th>Total</th><th class="num">7</th><th class="num">0</th><th class="num attn">2</th><th class="num">99</th><th colspan="2"></th></tr>
</table>
<table id='summary'><thead><tr><th>Class</th><th>Method</th><th>Start</th><th>Time (ms)</th></tr></thead><tbody><tr><th colspan="4">Freddie Test Suite</th></tr></tbody><tbody id="t0"><tr><th colspan="4">Smoke Tests &#8212; failed</th></tr><tr class="failedeven"><td rowspan="1">testframeworks.TestNGIntro</td><td><a href="#m0">freddieFeatureTest</a></td><td rowspan="1">1531181577553</td><td rowspan="1">11</td></tr><tr><th colspan="4">Smoke Tests &#8212; passed</th></tr><tr class="passedeven"><td rowspan="1">testframeworks.TestNGIntro</td><td><a href="#m1">freddieLoginTest</a></td><td rowspan="1">1531181577571</td><td rowspan="1">2</td></tr></tbody>
<tbody id="t1"><tr><th colspan="4">Regression Tests &#8212; failed</th></tr><tr class="failedeven"><td rowspan="1">testframeworks.TestNGIntro</td><td><a href="#m2">freddieFeatureTest</a></td><td rowspan="1">1531181577650</td><td rowspan="1">2</td></tr><tr><th colspan="4">Regression Tests &#8212; passed</th></tr><tr class="passedeven"><td rowspan="1">testframeworks.TestNGIntro</td><td><a href="#m3">freddieLoginTest</a></td><td rowspan="1">1531181577659</td><td rowspan="1">1</td></tr><tr class="passedodd"><td rowspan="5">testframeworks.TestNGParameterization</td><td><a href="#m4">generticTest</a></td><td rowspan="2">1531181577629</td><td rowspan="2">2</td></tr><tr class="passedodd"><td><a href="#m5">generticTest</a></td></tr><tr class="passedodd"><td><a href="#m6">usernameTest</a></td><td rowspan="3">1531181577638</td><td rowspan="3">5</td></tr><tr class="passedodd"><td><a href="#m7">usernameTest</a></td></tr><tr class="passedodd"><td><a href="#m8">usernameTest</a></td></tr></tbody>
</table>
<h2>Smoke Tests</h2><h3 id="m0">testframeworks.TestNGIntro#freddieFeatureTest</h3><table class="result"><tr><th>Exception</th></tr><tr><td><div class="stacktrace">java.lang.AssertionError: expected [25tu] but found [1etm]
	at testframeworks.TestNGIntro.freddieFeatureTest(TestNGIntro.java:19)
... Removed 31 stack frames</div></td></tr></table><p class="totop"><a href="#summary">back to summary</a></p>
<h3 id="m1">testframeworks.TestNGIntro#freddieLoginTest</h3><table class="result"><tr><th class="invisible"/></tr></table><p class="totop"><a href="#summary">back to summary</a></p>
<h2>Regression Tests</h2><h3 id="m2">testframeworks.TestNGIntro#freddieFeatureTest</h3><table class="result"><tr><th>Exception</th></tr><tr><td><div class="stacktrace">java.lang.AssertionError: expected [25tu] but found [1etm]
	at testframeworks.TestNGIntro.freddieFeatureTest(TestNGIntro.java:19)
... Removed 31 stack frames</div></td></tr></table><p class="totop"><a href="#summary">back to summary</a></p>
<h3 id="m3">testframeworks.TestNGIntro#freddieLoginTest</h3><table class="result"><tr><th class="invisible"/></tr></table><p class="totop"><a href="#summary">back to summary</a></p>
<h3 id="m4">testframeworks.TestNGParameterization#generticTest</h3><table class="result"><tr class="param"><th>Parameter #1</th><th>Parameter #2</th><th>Parameter #3</th><th>Parameter #4</th></tr><tr class="param stripe"><td>15-year FHA</td><td>4</td><td>120000</td><td>45669</td></tr></table><p class="totop"><a href="#summary">back to summary</a></p>
<h3 id="m5">testframeworks.TestNGParameterization#generticTest</h3><table class="result"><tr class="param"><th>Parameter #1</th><th>Parameter #2</th><th>Parameter #3</th><th>Parameter #4</th></tr><tr class="param stripe"><td>30-year FIXED</td><td>4.5</td><td>150000</td><td>71108</td></tr></table><p class="totop"><a href="#summary">back to summary</a></p>
<h3 id="m6">testframeworks.TestNGParameterization#usernameTest</h3><table class="result"><tr class="param"><th>Parameter #1</th><th>Parameter #2</th></tr><tr class="param stripe"><td>lindsey@freddie.com</td><td>lindseypassword</td></tr></table><p class="totop"><a href="#summary">back to summary</a></p>
<h3 id="m7">testframeworks.TestNGParameterization#usernameTest</h3><table class="result"><tr class="param"><th>Parameter #1</th><th>Parameter #2</th></tr><tr class="param stripe"><td>kim@freddie.com</td><td>kpassword</td></tr></table><p class="totop"><a href="#summary">back to summary</a></p>
<h3 id="m8">testframeworks.TestNGParameterization#usernameTest</h3><table class="result"><tr class="param"><th>Parameter #1</th><th>Parameter #2</th></tr><tr class="param stripe"><td>tim@testemail.com</td><td>password</td></tr></table><p class="totop"><a href="#summary">back to summary</a></p>
</body>
</html>
